[INFO  - 2017-08-16T03:54:50.879Z] GhostDriver - Main - running on port 56531
[INFO  - 2017-08-16T03:54:51.834Z] Session [a81ae830-8236-11e7-b6c0-37851aff3d0b] - page.settings - {"XSSAuditingEnabled":false,"javascriptCanCloseWindows":true,"javascriptCanOpenWindows":true,"javascriptEnabled":true,"loadImages":true,"localToRemoteUrlAccessEnabled":false,"userAgent":"Mozilla/5.0 (Macintosh; Intel Mac OS X) AppleWebKit/538.1 (KHTML, like Gecko) PhantomJS/2.1.1 Safari/538.1","webSecurityEnabled":true}
[INFO  - 2017-08-16T03:54:51.834Z] Session [a81ae830-8236-11e7-b6c0-37851aff3d0b] - page.customHeaders:  - {}
[INFO  - 2017-08-16T03:54:51.834Z] Session [a81ae830-8236-11e7-b6c0-37851aff3d0b] - Session.negotiatedCapabilities - {"browserName":"phantomjs","version":"2.1.1","driverName":"ghostdriver","driverVersion":"1.2.0","platform":"mac-unknown-64bit","javascriptEnabled":true,"takesScreenshot":true,"handlesAlerts":false,"databaseEnabled":false,"locationContextEnabled":false,"applicationCacheEnabled":false,"browserConnectionEnabled":false,"cssSelectorsEnabled":true,"webStorageEnabled":false,"rotatable":false,"acceptSslCerts":false,"nativeEvents":true,"proxy":{"proxyType":"direct"}}
[INFO  - 2017-08-16T03:54:51.834Z] SessionManagerReqHand - _postNewSessionCommand - New Session Created: a81ae830-8236-11e7-b6c0-37851aff3d0b
[ERROR - 2017-08-16T03:54:52.535Z] Session [a81ae830-8236-11e7-b6c0-37851aff3d0b] - page.onError - msg: ReferenceError: Can't find variable: swfobject

  phantomjs://platform/console++.js:263 in error
[ERROR - 2017-08-16T03:54:52.536Z] Session [a81ae830-8236-11e7-b6c0-37851aff3d0b] - page.onError - stack:
  support (https://ss1.bdstatic.com/5eN1bjq8AAUYm2zgoY3K/r/www/cache/static/protocol/https/voice/js/voice_1e62c0f.js:23)
  (anonymous function) (https://ss1.bdstatic.com/5eN1bjq8AAUYm2zgoY3K/r/www/cache/static/protocol/https/global/js/all_async_search_a52c74c.js:397)
  i (https://ss1.bdstatic.com/5eN1bjq8AAUYm2zgoY3K/r/www/cache/static/protocol/https/global/js/all_async_search_a52c74c.js:110)
  b (https://ss1.bdstatic.com/5eN1bjq8AAUYm2zgoY3K/r/www/cache/static/protocol/https/global/js/all_async_search_a52c74c.js:110)
  (anonymous function) (https://ss1.bdstatic.com/5eN1bjq8AAUYm2zgoY3K/r/www/cache/static/protocol/https/global/js/all_async_search_a52c74c.js:114)
  i (https://ss1.bdstatic.com/5eN1bjq8AAUYm2zgoY3K/r/www/cache/static/protocol/https/global/js/all_async_search_a52c74c.js:110)
  g (https://ss1.bdstatic.com/5eN1bjq8AAUYm2zgoY3K/r/www/cache/static/protocol/https/global/js/all_async_search_a52c74c.js:109)
  n (https://ss1.bdstatic.com/5eN1bjq8AAUYm2zgoY3K/r/www/cache/static/protocol/https/global/js/all_async_search_a52c74c.js:108)
  p (https://ss1.bdstatic.com/5eN1bjq8AAUYm2zgoY3K/r/www/cache/static/protocol/https/global/js/all_async_search_a52c74c.js:109)
  d (https://ss1.bdstatic.com/5eN1bjq8AAUYm2zgoY3K/r/www/cache/static/protocol/https/global/js/all_async_search_a52c74c.js:107)
  o (https://ss1.bdstatic.com/5eN1bjq8AAUYm2zgoY3K/r/www/cache/static/protocol/https/global/js/all_async_search_a52c74c.js:110)
  n (https://ss1.bdstatic.com/5eN1bjq8AAUYm2zgoY3K/r/www/cache/static/protocol/https/global/js/all_async_search_a52c74c.js:117)

  phantomjs://platform/console++.js:263 in error
[ERROR - 2017-08-16T03:54:53.075Z] Session [a81ae830-8236-11e7-b6c0-37851aff3d0b] - page.onError - msg: TypeError: undefined is not a constructor (evaluating 'jQuery110202959088901989162_1502855692215')

  phantomjs://platform/console++.js:263 in error
[ERROR - 2017-08-16T03:54:53.075Z] Session [a81ae830-8236-11e7-b6c0-37851aff3d0b] - page.onError - stack:
  global code (https://sp0.baidu.com/5a1Fazu8AA54nxGko9WTAnF6hhy/su?wd=%E4%BC%A0%E6%99%BA&json=1&p=3&sid=1446_21119_20929&req=2&csor=2&pwd=%E4%BC%A0&cb=jQuery110202959088901989162_1502855692215&_=1502855692218:1)

  phantomjs://platform/console++.js:263 in error
[ERROR - 2017-08-16T03:54:53.076Z] Session [a81ae830-8236-11e7-b6c0-37851aff3d0b] - page.onError - msg: TypeError: undefined is not a constructor (evaluating 'jQuery110202959088901989162_1502855692215')

  phantomjs://platform/console++.js:263 in error
[ERROR - 2017-08-16T03:54:53.076Z] Session [a81ae830-8236-11e7-b6c0-37851aff3d0b] - page.onError - stack:
  global code (https://sp0.baidu.com/5a1Fazu8AA54nxGko9WTAnF6hhy/su?wd=%E4%BC%A0&json=1&p=3&sid=1446_21119_20929&req=2&csor=1&cb=jQuery110202959088901989162_1502855692215&_=1502855692217:1)

  phantomjs://platform/console++.js:263 in error
[ERROR - 2017-08-16T03:54:53.096Z] Session [a81ae830-8236-11e7-b6c0-37851aff3d0b] - page.onError - msg: TypeError: undefined is not a constructor (evaluating 'jQuery110202959088901989162_1502855692215')

  phantomjs://platform/console++.js:263 in error
[ERROR - 2017-08-16T03:54:53.096Z] Session [a81ae830-8236-11e7-b6c0-37851aff3d0b] - page.onError - stack:
  global code (https://sp0.baidu.com/5a1Fazu8AA54nxGko9WTAnF6hhy/su?wd=%E4%BC%A0%E6%99%BA%E6%92%AD&json=1&p=3&sid=1446_21119_20929&req=2&csor=3&pwd=%E4%BC%A0%E6%99%BA&cb=jQuery110202959088901989162_1502855692215&_=1502855692219:1)

  phantomjs://platform/console++.js:263 in error
[ERROR - 2017-08-16T03:54:53.097Z] Session [a81ae830-8236-11e7-b6c0-37851aff3d0b] - page.onError - msg: TypeError: undefined is not a constructor (evaluating 'jQuery110202959088901989162_1502855692215')

  phantomjs://platform/console++.js:263 in error
[ERROR - 2017-08-16T03:54:53.097Z] Session [a81ae830-8236-11e7-b6c0-37851aff3d0b] - page.onError - stack:
  global code (https://sp0.baidu.com/5a1Fazu8AA54nxGko9WTAnF6hhy/su?wd=%E4%BC%A0%E6%99%BA%E6%92%AD%E5%AE%A2&json=1&p=3&sid=1446_21119_20929&req=2&csor=4&pwd=%E4%BC%A0%E6%99%BA%E6%92%AD&cb=jQuery110202959088901989162_1502855692215&_=1502855692220:1)

  phantomjs://platform/console++.js:263 in error
